Fold 0
Command line
python train.py --data_path ./App2/ligands3.csv --save_dir ./App2/limited_7046_balance --dataset_type classification --class_balance
Args
{'activation': 'ReLU',
 'atom_messages': False,
 'batch_size': 50,
 'bias': False,
 'cache_cutoff': 10000,
 'checkpoint_dir': None,
 'checkpoint_path': None,
 'checkpoint_paths': None,
 'class_balance': True,
 'config_path': None,
 'crossval_index_dir': None,
 'crossval_index_file': None,
 'crossval_index_sets': None,
 'cuda': False,
 'data_path': './App2/ligands3.csv',
 'dataset_type': 'classification',
 'depth': 3,
 'device': device(type='cpu'),
 'dropout': 0.0,
 'ensemble_size': 1,
 'epochs': 30,
 'features_generator': None,
 'features_only': False,
 'features_path': None,
 'features_scaling': True,
 'features_size': None,
 'ffn_hidden_size': 300,
 'ffn_num_layers': 2,
 'final_lr': 0.0001,
 'folds_file': None,
 'gpu': None,
 'grad_clip': None,
 'hidden_size': 300,
 'ignore_columns': None,
 'init_lr': 0.0001,
 'log_frequency': 10,
 'max_data_size': None,
 'max_lr': 0.001,
 'metric': 'auc',
 'minimize_score': False,
 'multiclass_num_classes': 3,
 'no_cuda': False,
 'no_features_scaling': False,
 'num_folds': 1,
 'num_lrs': 1,
 'num_tasks': 1,
 'num_workers': 8,
 'pytorch_seed': 0,
 'quiet': False,
 'save_dir': './App2/limited_7046_balance\\fold_0',
 'save_smiles_splits': False,
 'seed': 0,
 'separate_test_features_path': None,
 'separate_test_path': None,
 'separate_val_features_path': None,
 'separate_val_path': None,
 'show_individual_scores': False,
 'smiles_column': None,
 'split_sizes': (0.8, 0.1, 0.1),
 'split_type': 'random',
 'target_columns': None,
 'task_names': ['activity'],
 'test': False,
 'test_fold_index': None,
 'train_data_size': None,
 'undirected': False,
 'use_input_features': False,
 'val_fold_index': None,
 'warmup_epochs': 2.0}
Loading data
Number of tasks = 1
Splitting data with seed 0
Class sizes
activity 0: 57.36%, 1: 42.64%
Total size = 7,045 | train size = 5,636 | val size = 704 | test size = 705
With class_balance, effective train size = 4,814
Building model 0
MoleculeModel(
  (sigmoid): Sigmoid()
  (encoder): MPN(
    (encoder): MPNEncoder(
      (dropout_layer): Dropout(p=0.0, inplace=False)
      (act_func): ReLU()
      (W_i): Linear(in_features=147, out_features=300, bias=False)
      (W_h): Linear(in_features=300, out_features=300, bias=False)
      (W_o): Linear(in_features=433, out_features=300, bias=True)
    )
  )
  (ffn): Sequential(
    (0): Dropout(p=0.0, inplace=False)
    (1): Linear(in_features=300, out_features=300, bias=True)
    (2): ReLU()
    (3): Dropout(p=0.0, inplace=False)
    (4): Linear(in_features=300, out_features=1, bias=True)
  )
)
Number of parameters = 354,901
Epoch 0
Loss = 1.3744e-02, PNorm = 34.0121, GNorm = 0.1613, lr_0 = 1.4420e-04
Loss = 1.3405e-02, PNorm = 34.0189, GNorm = 0.1594, lr_0 = 1.8438e-04
Loss = 1.2998e-02, PNorm = 34.0326, GNorm = 0.2447, lr_0 = 2.2455e-04
Loss = 1.2856e-02, PNorm = 34.0524, GNorm = 0.1333, lr_0 = 2.6473e-04
Loss = 1.2268e-02, PNorm = 34.0790, GNorm = 0.4518, lr_0 = 3.0491e-04
Loss = 1.2695e-02, PNorm = 34.0967, GNorm = 1.7753, lr_0 = 3.4509e-04
Loss = 1.2464e-02, PNorm = 34.1041, GNorm = 0.3928, lr_0 = 3.8527e-04
Loss = 1.2918e-02, PNorm = 34.1136, GNorm = 0.2566, lr_0 = 4.2545e-04
Loss = 1.2345e-02, PNorm = 34.1318, GNorm = 0.5402, lr_0 = 4.6563e-04
Validation auc = 0.749501
Epoch 1
Loss = 1.1047e-02, PNorm = 34.1624, GNorm = 0.6332, lr_0 = 5.0982e-04
Loss = 1.1643e-02, PNorm = 34.1906, GNorm = 0.5737, lr_0 = 5.5000e-04
Loss = 1.1710e-02, PNorm = 34.2105, GNorm = 2.0263, lr_0 = 5.9018e-04
Loss = 1.2046e-02, PNorm = 34.2344, GNorm = 0.6995, lr_0 = 6.3036e-04
Loss = 1.2416e-02, PNorm = 34.2613, GNorm = 0.9485, lr_0 = 6.7054e-04
Loss = 1.1506e-02, PNorm = 34.3068, GNorm = 0.4483, lr_0 = 7.1071e-04
Loss = 1.2567e-02, PNorm = 34.3412, GNorm = 2.1923, lr_0 = 7.5089e-04
Loss = 1.1404e-02, PNorm = 34.3824, GNorm = 0.7115, lr_0 = 7.9107e-04
Loss = 1.0850e-02, PNorm = 34.4484, GNorm = 1.4405, lr_0 = 8.3125e-04
Loss = 1.1909e-02, PNorm = 34.4832, GNorm = 1.7212, lr_0 = 8.7143e-04
Validation auc = 0.789369
Epoch 2
Loss = 1.1588e-02, PNorm = 34.5276, GNorm = 0.8356, lr_0 = 9.1563e-04
Loss = 1.1314e-02, PNorm = 34.5909, GNorm = 0.5192, lr_0 = 9.5580e-04
Loss = 1.1012e-02, PNorm = 34.6681, GNorm = 3.4324, lr_0 = 9.9598e-04
Loss = 1.0344e-02, PNorm = 34.7643, GNorm = 1.1759, lr_0 = 9.9341e-04
Loss = 1.0685e-02, PNorm = 34.8322, GNorm = 4.2929, lr_0 = 9.8615e-04
Loss = 1.1697e-02, PNorm = 34.8773, GNorm = 0.4083, lr_0 = 9.7893e-04
Loss = 1.1490e-02, PNorm = 34.9248, GNorm = 0.8828, lr_0 = 9.7177e-04
Loss = 1.1543e-02, PNorm = 34.9575, GNorm = 0.6336, lr_0 = 9.6466e-04
Loss = 1.0879e-02, PNorm = 34.9990, GNorm = 0.5872, lr_0 = 9.5760e-04
Validation auc = 0.817872
Epoch 3
Loss = 1.3488e-02, PNorm = 35.0564, GNorm = 4.3213, lr_0 = 9.4990e-04
Loss = 1.1249e-02, PNorm = 35.1007, GNorm = 0.8918, lr_0 = 9.4295e-04
Loss = 1.0758e-02, PNorm = 35.1611, GNorm = 0.8922, lr_0 = 9.3605e-04
Loss = 1.0048e-02, PNorm = 35.2295, GNorm = 0.8305, lr_0 = 9.2921e-04
Loss = 1.0662e-02, PNorm = 35.2701, GNorm = 0.9566, lr_0 = 9.2241e-04
Loss = 1.0295e-02, PNorm = 35.3228, GNorm = 1.9973, lr_0 = 9.1566e-04
Loss = 9.5747e-03, PNorm = 35.3861, GNorm = 3.4511, lr_0 = 9.0896e-04
Loss = 1.0370e-02, PNorm = 35.4300, GNorm = 1.6674, lr_0 = 9.0231e-04
Loss = 9.9404e-03, PNorm = 35.4904, GNorm = 2.4596, lr_0 = 8.9571e-04
Loss = 1.0354e-02, PNorm = 35.5304, GNorm = 0.7319, lr_0 = 8.8916e-04
Validation auc = 0.830676
Epoch 4
Loss = 9.6758e-03, PNorm = 35.5594, GNorm = 0.5578, lr_0 = 8.8265e-04
Loss = 1.0045e-02, PNorm = 35.6124, GNorm = 3.0904, lr_0 = 8.7620e-04
Loss = 1.0056e-02, PNorm = 35.6793, GNorm = 0.8464, lr_0 = 8.6979e-04
Loss = 1.0944e-02, PNorm = 35.7301, GNorm = 3.5495, lr_0 = 8.6342e-04
Loss = 9.9301e-03, PNorm = 35.7729, GNorm = 0.9026, lr_0 = 8.5711e-04
Loss = 1.0232e-02, PNorm = 35.8160, GNorm = 0.7875, lr_0 = 8.5084e-04
Loss = 1.0075e-02, PNorm = 35.8596, GNorm = 0.8639, lr_0 = 8.4461e-04
Loss = 9.3806e-03, PNorm = 35.9211, GNorm = 2.1027, lr_0 = 8.3843e-04
Loss = 1.0647e-02, PNorm = 35.9403, GNorm = 1.9933, lr_0 = 8.3230e-04
Loss = 1.0450e-02, PNorm = 35.9695, GNorm = 2.3698, lr_0 = 8.2621e-04
Validation auc = 0.846342
Epoch 5
Loss = 9.5291e-03, PNorm = 36.0398, GNorm = 1.1965, lr_0 = 8.1957e-04
Loss = 9.6278e-03, PNorm = 36.0873, GNorm = 2.3520, lr_0 = 8.1357e-04
Loss = 9.0294e-03, PNorm = 36.1645, GNorm = 2.8226, lr_0 = 8.0762e-04
Loss = 9.4010e-03, PNorm = 36.2290, GNorm = 1.0732, lr_0 = 8.0171e-04
Loss = 8.7740e-03, PNorm = 36.3029, GNorm = 1.2557, lr_0 = 7.9585e-04
Loss = 1.0872e-02, PNorm = 36.3287, GNorm = 4.5915, lr_0 = 7.9002e-04
Loss = 9.5042e-03, PNorm = 36.3627, GNorm = 0.8828, lr_0 = 7.8424e-04
Loss = 9.8727e-03, PNorm = 36.4035, GNorm = 0.5894, lr_0 = 7.7851e-04
Loss = 9.6316e-03, PNorm = 36.4284, GNorm = 1.4937, lr_0 = 7.7281e-04
Validation auc = 0.857151
Epoch 6
Loss = 9.1071e-03, PNorm = 36.4732, GNorm = 0.6477, lr_0 = 7.6660e-04
Loss = 9.4095e-03, PNorm = 36.5160, GNorm = 2.1522, lr_0 = 7.6099e-04
Loss = 9.3230e-03, PNorm = 36.5616, GNorm = 2.3451, lr_0 = 7.5542e-04
Loss = 9.4179e-03, PNorm = 36.6143, GNorm = 0.6469, lr_0 = 7.4989e-04
Loss = 9.3162e-03, PNorm = 36.6706, GNorm = 1.1837, lr_0 = 7.4441e-04
Loss = 8.7769e-03, PNorm = 36.7331, GNorm = 3.0838, lr_0 = 7.3896e-04
Loss = 8.6757e-03, PNorm = 36.7831, GNorm = 2.3306, lr_0 = 7.3356e-04
Loss = 9.7575e-03, PNorm = 36.8210, GNorm = 1.7367, lr_0 = 7.2819e-04
Loss = 8.2045e-03, PNorm = 36.8739, GNorm = 2.1379, lr_0 = 7.2286e-04
Loss = 9.9900e-03, PNorm = 36.8946, GNorm = 2.5135, lr_0 = 7.1758e-04
Validation auc = 0.863283
Epoch 7
Loss = 9.0579e-03, PNorm = 36.9270, GNorm = 1.1896, lr_0 = 7.1180e-04
Loss = 8.3674e-03, PNorm = 36.9790, GNorm = 1.0708, lr_0 = 7.0660e-04
Loss = 8.9274e-03, PNorm = 37.0184, GNorm = 2.0892, lr_0 = 7.0143e-04
Loss = 8.8013e-03, PNorm = 37.0625, GNorm = 0.9160, lr_0 = 6.9630e-04
Loss = 9.6525e-03, PNorm = 37.0975, GNorm = 0.9854, lr_0 = 6.9120e-04
Loss = 8.8643e-03, PNorm = 37.1479, GNorm = 1.8631, lr_0 = 6.8614e-04
Loss = 8.8305e-03, PNorm = 37.1901, GNorm = 1.9191, lr_0 = 6.8113e-04
Loss = 8.8079e-03, PNorm = 37.2147, GNorm = 0.8882, lr_0 = 6.7614e-04
Loss = 8.7987e-03, PNorm = 37.2601, GNorm = 0.9855, lr_0 = 6.7120e-04
Loss = 1.0002e-02, PNorm = 37.3073, GNorm = 3.4118, lr_0 = 6.6629e-04
Validation auc = 0.853316
Epoch 8
Loss = 8.2029e-03, PNorm = 37.3740, GNorm = 1.1379, lr_0 = 6.6141e-04
Loss = 7.6469e-03, PNorm = 37.4399, GNorm = 1.1655, lr_0 = 6.5657e-04
Loss = 9.6029e-03, PNorm = 37.4905, GNorm = 0.9319, lr_0 = 6.5177e-04
Loss = 9.3012e-03, PNorm = 37.5203, GNorm = 1.6793, lr_0 = 6.4700e-04
Loss = 9.2309e-03, PNorm = 37.5559, GNorm = 1.7675, lr_0 = 6.4227e-04
Loss = 9.9026e-03, PNorm = 37.5765, GNorm = 1.6112, lr_0 = 6.3757e-04
Loss = 9.1836e-03, PNorm = 37.6161, GNorm = 0.9682, lr_0 = 6.3291e-04
Loss = 8.7782e-03, PNorm = 37.6632, GNorm = 0.6690, lr_0 = 6.2828e-04
Loss = 8.1839e-03, PNorm = 37.7047, GNorm = 1.4074, lr_0 = 6.2368e-04
Validation auc = 0.883176
Epoch 9
Loss = 8.5303e-03, PNorm = 37.7431, GNorm = 1.4522, lr_0 = 6.1866e-04
Loss = 9.1310e-03, PNorm = 37.7782, GNorm = 1.4968, lr_0 = 6.1414e-04
Loss = 8.0446e-03, PNorm = 37.7975, GNorm = 1.0663, lr_0 = 6.0964e-04
Loss = 8.9490e-03, PNorm = 37.8231, GNorm = 1.6437, lr_0 = 6.0518e-04
Loss = 7.9891e-03, PNorm = 37.8715, GNorm = 0.8355, lr_0 = 6.0076e-04
Loss = 8.2707e-03, PNorm = 37.9182, GNorm = 4.7588, lr_0 = 5.9636e-04
Loss = 9.1403e-03, PNorm = 37.9570, GNorm = 1.0419, lr_0 = 5.9200e-04
Loss = 7.8957e-03, PNorm = 38.0072, GNorm = 2.9074, lr_0 = 5.8767e-04
Loss = 7.6666e-03, PNorm = 38.0485, GNorm = 1.1757, lr_0 = 5.8337e-04
Loss = 8.0984e-03, PNorm = 38.0753, GNorm = 1.3945, lr_0 = 5.7910e-04
Validation auc = 0.879538
Epoch 10
Loss = 8.9441e-03, PNorm = 38.1165, GNorm = 1.1481, lr_0 = 5.7444e-04
Loss = 8.6181e-03, PNorm = 38.1631, GNorm = 1.6243, lr_0 = 5.7024e-04
Loss = 7.7189e-03, PNorm = 38.2068, GNorm = 0.9041, lr_0 = 5.6607e-04
Loss = 7.6999e-03, PNorm = 38.2520, GNorm = 2.2409, lr_0 = 5.6193e-04
Loss = 8.7683e-03, PNorm = 38.2855, GNorm = 1.3220, lr_0 = 5.5782e-04
Loss = 7.1266e-03, PNorm = 38.3228, GNorm = 1.0254, lr_0 = 5.5374e-04
Loss = 9.0516e-03, PNorm = 38.3352, GNorm = 1.0780, lr_0 = 5.4969e-04
Loss = 7.1024e-03, PNorm = 38.3732, GNorm = 1.0523, lr_0 = 5.4566e-04
Loss = 8.2137e-03, PNorm = 38.4203, GNorm = 2.6901, lr_0 = 5.4167e-04
Validation auc = 0.887510
Epoch 11
Loss = 8.4090e-03, PNorm = 38.4540, GNorm = 1.3488, lr_0 = 5.3771e-04
Loss = 7.5197e-03, PNorm = 38.4982, GNorm = 0.9038, lr_0 = 5.3378e-04
Loss = 7.5699e-03, PNorm = 38.5367, GNorm = 1.7860, lr_0 = 5.2987e-04
Loss = 7.8195e-03, PNorm = 38.5745, GNorm = 0.9940, lr_0 = 5.2600e-04
Loss = 8.4045e-03, PNorm = 38.6064, GNorm = 2.0171, lr_0 = 5.2215e-04
Loss = 7.6405e-03, PNorm = 38.6425, GNorm = 1.0189, lr_0 = 5.1833e-04
Loss = 7.9725e-03, PNorm = 38.6798, GNorm = 0.9036, lr_0 = 5.1454e-04
Loss = 8.0287e-03, PNorm = 38.7112, GNorm = 1.5976, lr_0 = 5.1077e-04
Loss = 8.7187e-03, PNorm = 38.7369, GNorm = 1.6778, lr_0 = 5.0704e-04
Loss = 7.6591e-03, PNorm = 38.7611, GNorm = 0.9227, lr_0 = 5.0333e-04
Validation auc = 0.894313
Epoch 12
Loss = 7.4556e-03, PNorm = 38.7986, GNorm = 3.4067, lr_0 = 4.9928e-04
Loss = 7.8211e-03, PNorm = 38.8358, GNorm = 1.2240, lr_0 = 4.9562e-04
Loss = 7.1078e-03, PNorm = 38.8770, GNorm = 1.0727, lr_0 = 4.9200e-04
Loss = 7.4733e-03, PNorm = 38.9195, GNorm = 1.5180, lr_0 = 4.8840e-04
Loss = 8.8571e-03, PNorm = 38.9447, GNorm = 1.7036, lr_0 = 4.8483e-04
Loss = 7.8226e-03, PNorm = 38.9679, GNorm = 1.4341, lr_0 = 4.8128e-04
Loss = 7.6587e-03, PNorm = 38.9950, GNorm = 1.9132, lr_0 = 4.7776e-04
Loss = 7.0859e-03, PNorm = 39.0251, GNorm = 1.6422, lr_0 = 4.7426e-04
Loss = 7.9495e-03, PNorm = 39.0523, GNorm = 1.9392, lr_0 = 4.7079e-04
Loss = 6.8643e-03, PNorm = 39.0836, GNorm = 0.6421, lr_0 = 4.6735e-04
Validation auc = 0.907051
Epoch 13
Loss = 6.6339e-03, PNorm = 39.1283, GNorm = 0.7939, lr_0 = 4.6359e-04
Loss = 7.3241e-03, PNorm = 39.1658, GNorm = 1.1471, lr_0 = 4.6020e-04
Loss = 7.8227e-03, PNorm = 39.1951, GNorm = 1.7859, lr_0 = 4.5683e-04
Loss = 6.3947e-03, PNorm = 39.2314, GNorm = 1.6381, lr_0 = 4.5349e-04
Loss = 7.6994e-03, PNorm = 39.2606, GNorm = 1.2415, lr_0 = 4.5017e-04
Loss = 8.0332e-03, PNorm = 39.2826, GNorm = 1.1757, lr_0 = 4.4688e-04
Loss = 7.6367e-03, PNorm = 39.3091, GNorm = 1.9550, lr_0 = 4.4361e-04
Loss = 7.2234e-03, PNorm = 39.3398, GNorm = 1.2736, lr_0 = 4.4037e-04
Loss = 7.5143e-03, PNorm = 39.3704, GNorm = 1.6601, lr_0 = 4.3714e-04
Validation auc = 0.904713
Epoch 14
Loss = 6.0405e-03, PNorm = 39.4079, GNorm = 1.1166, lr_0 = 4.3363e-04
Loss = 7.0907e-03, PNorm = 39.4442, GNorm = 1.9661, lr_0 = 4.3046e-04
Loss = 8.8258e-03, PNorm = 39.4705, GNorm = 2.3758, lr_0 = 4.2731e-04
Loss = 7.2848e-03, PNorm = 39.4978, GNorm = 1.3790, lr_0 = 4.2418e-04
Loss = 7.6551e-03, PNorm = 39.5201, GNorm = 3.2058, lr_0 = 4.2108e-04
Loss = 7.7919e-03, PNorm = 39.5380, GNorm = 1.2074, lr_0 = 4.1800e-04
Loss = 6.8784e-03, PNorm = 39.5607, GNorm = 0.9449, lr_0 = 4.1494e-04
Loss = 7.5193e-03, PNorm = 39.5865, GNorm = 2.0203, lr_0 = 4.1190e-04
Loss = 7.4337e-03, PNorm = 39.6182, GNorm = 1.3445, lr_0 = 4.0889e-04
Loss = 6.9562e-03, PNorm = 39.6509, GNorm = 1.0316, lr_0 = 4.0590e-04
Validation auc = 0.913870
Epoch 15
Loss = 8.1414e-03, PNorm = 39.6738, GNorm = 2.0175, lr_0 = 4.0293e-04
Loss = 5.8398e-03, PNorm = 39.7072, GNorm = 1.0046, lr_0 = 3.9998e-04
Loss = 6.5464e-03, PNorm = 39.7350, GNorm = 1.5604, lr_0 = 3.9706e-04
Loss = 7.6534e-03, PNorm = 39.7553, GNorm = 1.7383, lr_0 = 3.9415e-04
Loss = 7.2878e-03, PNorm = 39.7778, GNorm = 1.5668, lr_0 = 3.9127e-04
Loss = 6.3766e-03, PNorm = 39.8086, GNorm = 1.6559, lr_0 = 3.8841e-04
Loss = 7.7238e-03, PNorm = 39.8375, GNorm = 2.5714, lr_0 = 3.8556e-04
Loss = 6.7763e-03, PNorm = 39.8575, GNorm = 1.6253, lr_0 = 3.8274e-04
Loss = 7.1348e-03, PNorm = 39.8786, GNorm = 1.7122, lr_0 = 3.7994e-04
Loss = 6.2224e-03, PNorm = 39.9032, GNorm = 1.1394, lr_0 = 3.7716e-04
Loss = 2.8631e-02, PNorm = 39.9056, GNorm = 1.9443, lr_0 = 3.7689e-04
Validation auc = 0.909635
Epoch 16
Loss = 7.4990e-03, PNorm = 39.9306, GNorm = 3.3586, lr_0 = 3.7413e-04
Loss = 7.1334e-03, PNorm = 39.9549, GNorm = 1.5523, lr_0 = 3.7139e-04
Loss = 7.2286e-03, PNorm = 39.9809, GNorm = 2.4401, lr_0 = 3.6868e-04
Loss = 7.2097e-03, PNorm = 40.0023, GNorm = 1.4809, lr_0 = 3.6598e-04
Loss = 6.9901e-03, PNorm = 40.0297, GNorm = 3.6669, lr_0 = 3.6330e-04
Loss = 7.0451e-03, PNorm = 40.0512, GNorm = 1.1887, lr_0 = 3.6064e-04
Loss = 6.9781e-03, PNorm = 40.0739, GNorm = 1.8978, lr_0 = 3.5801e-04
Loss = 7.4417e-03, PNorm = 40.0917, GNorm = 2.3390, lr_0 = 3.5539e-04
Loss = 7.3044e-03, PNorm = 40.1111, GNorm = 1.8606, lr_0 = 3.5279e-04
Validation auc = 0.915751
Epoch 17
Loss = 5.4397e-03, PNorm = 40.1408, GNorm = 1.5573, lr_0 = 3.4995e-04
Loss = 7.0831e-03, PNorm = 40.1696, GNorm = 1.7874, lr_0 = 3.4739e-04
Loss = 5.6240e-03, PNorm = 40.2006, GNorm = 1.6242, lr_0 = 3.4485e-04
Loss = 7.5224e-03, PNorm = 40.2229, GNorm = 2.4577, lr_0 = 3.4233e-04
Loss = 6.8920e-03, PNorm = 40.2353, GNorm = 1.0299, lr_0 = 3.3982e-04
Loss = 6.6589e-03, PNorm = 40.2589, GNorm = 0.9371, lr_0 = 3.3733e-04
Loss = 6.0552e-03, PNorm = 40.2853, GNorm = 1.3264, lr_0 = 3.3487e-04
Loss = 6.9713e-03, PNorm = 40.3008, GNorm = 1.9423, lr_0 = 3.3242e-04
Loss = 7.2596e-03, PNorm = 40.3185, GNorm = 1.4004, lr_0 = 3.2999e-04
Loss = 6.9680e-03, PNorm = 40.3436, GNorm = 0.9194, lr_0 = 3.2757e-04
Validation auc = 0.918089
Epoch 18
Loss = 6.8871e-03, PNorm = 40.3706, GNorm = 1.1968, lr_0 = 3.2518e-04
Loss = 6.4096e-03, PNorm = 40.4054, GNorm = 1.4670, lr_0 = 3.2280e-04
Loss = 6.8136e-03, PNorm = 40.4256, GNorm = 1.6205, lr_0 = 3.2043e-04
Loss = 6.5556e-03, PNorm = 40.4438, GNorm = 2.2742, lr_0 = 3.1809e-04
Loss = 6.0620e-03, PNorm = 40.4681, GNorm = 1.2588, lr_0 = 3.1576e-04
Loss = 6.2431e-03, PNorm = 40.4909, GNorm = 1.5224, lr_0 = 3.1345e-04
Loss = 6.2035e-03, PNorm = 40.5127, GNorm = 2.8574, lr_0 = 3.1116e-04
Loss = 7.0307e-03, PNorm = 40.5316, GNorm = 1.4064, lr_0 = 3.0888e-04
Loss = 6.1572e-03, PNorm = 40.5504, GNorm = 1.3148, lr_0 = 3.0662e-04
Validation auc = 0.915285
Epoch 19
Loss = 7.7918e-03, PNorm = 40.5687, GNorm = 1.7520, lr_0 = 3.0416e-04
Loss = 5.6082e-03, PNorm = 40.5873, GNorm = 1.5093, lr_0 = 3.0193e-04
Loss = 5.2744e-03, PNorm = 40.6150, GNorm = 1.5759, lr_0 = 2.9972e-04
Loss = 6.8558e-03, PNorm = 40.6355, GNorm = 1.2999, lr_0 = 2.9753e-04
Loss = 6.6806e-03, PNorm = 40.6627, GNorm = 2.4128, lr_0 = 2.9536e-04
Loss = 6.9966e-03, PNorm = 40.6848, GNorm = 1.9436, lr_0 = 2.9319e-04
Loss = 6.1277e-03, PNorm = 40.7043, GNorm = 1.5928, lr_0 = 2.9105e-04
Loss = 5.5643e-03, PNorm = 40.7282, GNorm = 2.1147, lr_0 = 2.8892e-04
Loss = 6.5973e-03, PNorm = 40.7486, GNorm = 1.5007, lr_0 = 2.8681e-04
Loss = 6.7504e-03, PNorm = 40.7631, GNorm = 1.5540, lr_0 = 2.8471e-04
Validation auc = 0.919095
Epoch 20
Loss = 7.1842e-03, PNorm = 40.7759, GNorm = 2.1188, lr_0 = 2.8242e-04
Loss = 6.3662e-03, PNorm = 40.7955, GNorm = 2.6789, lr_0 = 2.8035e-04
Loss = 5.6406e-03, PNorm = 40.8200, GNorm = 1.3642, lr_0 = 2.7830e-04
Loss = 5.5265e-03, PNorm = 40.8448, GNorm = 2.2827, lr_0 = 2.7627e-04
Loss = 6.9754e-03, PNorm = 40.8635, GNorm = 2.9978, lr_0 = 2.7424e-04
Loss = 6.2263e-03, PNorm = 40.8821, GNorm = 1.2948, lr_0 = 2.7224e-04
Loss = 5.8291e-03, PNorm = 40.9034, GNorm = 1.7376, lr_0 = 2.7025e-04
Loss = 6.4259e-03, PNorm = 40.9208, GNorm = 3.0171, lr_0 = 2.6827e-04
Loss = 6.4564e-03, PNorm = 40.9362, GNorm = 1.1807, lr_0 = 2.6631e-04
Loss = 6.5225e-03, PNorm = 40.9519, GNorm = 1.2680, lr_0 = 2.6436e-04
Validation auc = 0.922815
Epoch 21
Loss = 5.3707e-03, PNorm = 40.9730, GNorm = 1.8645, lr_0 = 2.6223e-04
Loss = 5.5680e-03, PNorm = 40.9931, GNorm = 1.3425, lr_0 = 2.6031e-04
Loss = 5.8023e-03, PNorm = 41.0137, GNorm = 0.9001, lr_0 = 2.5841e-04
Loss = 5.9532e-03, PNorm = 41.0377, GNorm = 1.3345, lr_0 = 2.5652e-04
Loss = 6.5101e-03, PNorm = 41.0549, GNorm = 0.9569, lr_0 = 2.5464e-04
Loss = 5.6992e-03, PNorm = 41.0697, GNorm = 1.6680, lr_0 = 2.5278e-04
Loss = 5.8253e-03, PNorm = 41.0881, GNorm = 1.3022, lr_0 = 2.5093e-04
Loss = 6.7106e-03, PNorm = 41.1057, GNorm = 2.1330, lr_0 = 2.4909e-04
Loss = 5.9152e-03, PNorm = 41.1216, GNorm = 1.5546, lr_0 = 2.4727e-04
Validation auc = 0.923306
Epoch 22
Loss = 4.6548e-03, PNorm = 41.1352, GNorm = 1.2855, lr_0 = 2.4546e-04
Loss = 5.7539e-03, PNorm = 41.1552, GNorm = 1.4291, lr_0 = 2.4367e-04
Loss = 5.7614e-03, PNorm = 41.1724, GNorm = 2.6831, lr_0 = 2.4189e-04
Loss = 6.5002e-03, PNorm = 41.1831, GNorm = 2.9603, lr_0 = 2.4012e-04
Loss = 5.6232e-03, PNorm = 41.1978, GNorm = 1.2298, lr_0 = 2.3836e-04
Loss = 5.7823e-03, PNorm = 41.2136, GNorm = 1.2589, lr_0 = 2.3662e-04
Loss = 5.5082e-03, PNorm = 41.2332, GNorm = 1.0529, lr_0 = 2.3488e-04
Loss = 5.9909e-03, PNorm = 41.2470, GNorm = 1.3107, lr_0 = 2.3317e-04
Loss = 5.9744e-03, PNorm = 41.2605, GNorm = 1.2056, lr_0 = 2.3146e-04
Loss = 6.1296e-03, PNorm = 41.2744, GNorm = 1.5248, lr_0 = 2.2977e-04
Validation auc = 0.924581
Epoch 23
Loss = 6.3403e-03, PNorm = 41.2944, GNorm = 1.7159, lr_0 = 2.2792e-04
Loss = 6.4253e-03, PNorm = 41.3070, GNorm = 2.3208, lr_0 = 2.2625e-04
Loss = 5.0651e-03, PNorm = 41.3254, GNorm = 1.3999, lr_0 = 2.2460e-04
Loss = 4.9234e-03, PNorm = 41.3466, GNorm = 2.9838, lr_0 = 2.2295e-04
Loss = 5.4449e-03, PNorm = 41.3647, GNorm = 2.8245, lr_0 = 2.2132e-04
Loss = 5.0127e-03, PNorm = 41.3852, GNorm = 3.2710, lr_0 = 2.1970e-04
Loss = 4.9964e-03, PNorm = 41.4025, GNorm = 1.2997, lr_0 = 2.1810e-04
Loss = 6.0988e-03, PNorm = 41.4152, GNorm = 1.9777, lr_0 = 2.1650e-04
Loss = 6.3319e-03, PNorm = 41.4285, GNorm = 1.5473, lr_0 = 2.1492e-04
Loss = 5.8523e-03, PNorm = 41.4399, GNorm = 1.4821, lr_0 = 2.1334e-04
Loss = 4.0181e-02, PNorm = 41.4406, GNorm = 3.5160, lr_0 = 2.1319e-04
Validation auc = 0.922586
Epoch 24
Loss = 5.9873e-03, PNorm = 41.4498, GNorm = 1.1383, lr_0 = 2.1163e-04
Loss = 5.3003e-03, PNorm = 41.4635, GNorm = 1.1450, lr_0 = 2.1008e-04
Loss = 5.1677e-03, PNorm = 41.4813, GNorm = 1.7976, lr_0 = 2.0854e-04
Loss = 5.9604e-03, PNorm = 41.4916, GNorm = 1.5354, lr_0 = 2.0702e-04
Loss = 5.8415e-03, PNorm = 41.5056, GNorm = 2.0067, lr_0 = 2.0550e-04
Loss = 5.8614e-03, PNorm = 41.5209, GNorm = 1.0162, lr_0 = 2.0400e-04
Loss = 5.8208e-03, PNorm = 41.5334, GNorm = 1.1678, lr_0 = 2.0251e-04
Loss = 5.6218e-03, PNorm = 41.5467, GNorm = 1.4570, lr_0 = 2.0103e-04
Loss = 5.4522e-03, PNorm = 41.5640, GNorm = 1.7236, lr_0 = 1.9956e-04
Validation auc = 0.922292
Epoch 25
Loss = 4.0660e-03, PNorm = 41.5797, GNorm = 2.2017, lr_0 = 1.9810e-04
Loss = 5.0664e-03, PNorm = 41.5948, GNorm = 1.8000, lr_0 = 1.9665e-04
Loss = 4.6777e-03, PNorm = 41.6089, GNorm = 1.0830, lr_0 = 1.9521e-04
Loss = 6.4321e-03, PNorm = 41.6195, GNorm = 1.5613, lr_0 = 1.9378e-04
Loss = 6.0124e-03, PNorm = 41.6313, GNorm = 1.2816, lr_0 = 1.9236e-04
Loss = 5.3838e-03, PNorm = 41.6447, GNorm = 2.4957, lr_0 = 1.9096e-04
Loss = 5.9071e-03, PNorm = 41.6553, GNorm = 2.5631, lr_0 = 1.8956e-04
Loss = 5.5308e-03, PNorm = 41.6682, GNorm = 1.7525, lr_0 = 1.8817e-04
Loss = 5.6081e-03, PNorm = 41.6814, GNorm = 0.8903, lr_0 = 1.8679e-04
Loss = 5.3627e-03, PNorm = 41.6961, GNorm = 2.3711, lr_0 = 1.8543e-04
Validation auc = 0.926822
Epoch 26
Loss = 5.8188e-03, PNorm = 41.7151, GNorm = 1.4925, lr_0 = 1.8394e-04
Loss = 4.9730e-03, PNorm = 41.7319, GNorm = 1.3083, lr_0 = 1.8259e-04
Loss = 4.8938e-03, PNorm = 41.7441, GNorm = 2.2643, lr_0 = 1.8126e-04
Loss = 6.6495e-03, PNorm = 41.7514, GNorm = 1.5133, lr_0 = 1.7993e-04
Loss = 5.0075e-03, PNorm = 41.7608, GNorm = 1.8492, lr_0 = 1.7861e-04
Loss = 6.0363e-03, PNorm = 41.7758, GNorm = 2.1320, lr_0 = 1.7731e-04
Loss = 5.1003e-03, PNorm = 41.7861, GNorm = 1.8328, lr_0 = 1.7601e-04
Loss = 5.8243e-03, PNorm = 41.7943, GNorm = 1.9713, lr_0 = 1.7472e-04
Loss = 5.3213e-03, PNorm = 41.8062, GNorm = 1.8915, lr_0 = 1.7344e-04
Validation auc = 0.926331
Epoch 27
Loss = 3.8880e-03, PNorm = 41.8245, GNorm = 1.1362, lr_0 = 1.7205e-04
Loss = 4.8259e-03, PNorm = 41.8413, GNorm = 1.5239, lr_0 = 1.7079e-04
Loss = 5.7301e-03, PNorm = 41.8537, GNorm = 3.0621, lr_0 = 1.6954e-04
Loss = 5.3132e-03, PNorm = 41.8656, GNorm = 1.4292, lr_0 = 1.6830e-04
Loss = 5.7032e-03, PNorm = 41.8755, GNorm = 1.3201, lr_0 = 1.6707e-04
Loss = 4.8556e-03, PNorm = 41.8885, GNorm = 2.1801, lr_0 = 1.6585e-04
Loss = 5.2568e-03, PNorm = 41.9000, GNorm = 1.3267, lr_0 = 1.6463e-04
Loss = 6.0611e-03, PNorm = 41.9113, GNorm = 1.9845, lr_0 = 1.6343e-04
Loss = 5.4816e-03, PNorm = 41.9230, GNorm = 1.7166, lr_0 = 1.6223e-04
Loss = 4.9742e-03, PNorm = 41.9347, GNorm = 1.3492, lr_0 = 1.6105e-04
Validation auc = 0.926200
Epoch 28
Loss = 4.6217e-03, PNorm = 41.9486, GNorm = 1.0984, lr_0 = 1.5975e-04
Loss = 5.2600e-03, PNorm = 41.9606, GNorm = 1.3170, lr_0 = 1.5858e-04
Loss = 4.8678e-03, PNorm = 41.9725, GNorm = 1.0615, lr_0 = 1.5742e-04
Loss = 4.9031e-03, PNorm = 41.9842, GNorm = 1.6767, lr_0 = 1.5627e-04
Loss = 5.3543e-03, PNorm = 41.9944, GNorm = 1.5709, lr_0 = 1.5513e-04
Loss = 4.8048e-03, PNorm = 42.0076, GNorm = 1.3725, lr_0 = 1.5399e-04
Loss = 5.1557e-03, PNorm = 42.0199, GNorm = 1.8829, lr_0 = 1.5287e-04
Loss = 6.1402e-03, PNorm = 42.0279, GNorm = 1.5727, lr_0 = 1.5175e-04
Loss = 4.9531e-03, PNorm = 42.0373, GNorm = 1.5716, lr_0 = 1.5064e-04
Loss = 5.5477e-03, PNorm = 42.0449, GNorm = 1.4208, lr_0 = 1.4954e-04
Validation auc = 0.927754
Epoch 29
Loss = 5.0177e-03, PNorm = 42.0542, GNorm = 2.0861, lr_0 = 1.4844e-04
Loss = 4.6553e-03, PNorm = 42.0660, GNorm = 1.7162, lr_0 = 1.4736e-04
Loss = 5.6313e-03, PNorm = 42.0764, GNorm = 2.0901, lr_0 = 1.4628e-04
Loss = 4.7871e-03, PNorm = 42.0882, GNorm = 2.3672, lr_0 = 1.4521e-04
Loss = 5.1204e-03, PNorm = 42.0999, GNorm = 2.1583, lr_0 = 1.4415e-04
Loss = 4.9421e-03, PNorm = 42.1103, GNorm = 2.7378, lr_0 = 1.4309e-04
Loss = 5.6365e-03, PNorm = 42.1218, GNorm = 3.3999, lr_0 = 1.4204e-04
Loss = 4.8932e-03, PNorm = 42.1321, GNorm = 1.4580, lr_0 = 1.4101e-04
Loss = 5.2632e-03, PNorm = 42.1426, GNorm = 1.2196, lr_0 = 1.3997e-04
Validation auc = 0.926274
Model 0 best validation auc = 0.927754 on epoch 28
Loading pretrained parameter "encoder.encoder.cached_zero_vector".
Loading pretrained parameter "encoder.encoder.W_i.weight".
Loading pretrained parameter "encoder.encoder.W_h.weight".
Loading pretrained parameter "encoder.encoder.W_o.weight".
Loading pretrained parameter "encoder.encoder.W_o.bias".
Loading pretrained parameter "ffn.1.weight".
Loading pretrained parameter "ffn.1.bias".
Loading pretrained parameter "ffn.4.weight".
Loading pretrained parameter "ffn.4.bias".
Model 0 test auc = 0.917920
Ensemble test auc = 0.917920
1-fold cross validation
	Seed 0 ==> test auc = 0.917920
Overall test auc = 0.917920 +/- 0.000000
Elapsed time = 1:03:54
