Fold 0
Command line
python train.py --data_path ./App2/ligands2.csv --save_dir ./App2/limited_1090_balanced --dataset_type classification --class_balance
Args
{'activation': 'ReLU',
 'atom_messages': False,
 'batch_size': 50,
 'bias': False,
 'cache_cutoff': 10000,
 'checkpoint_dir': None,
 'checkpoint_path': None,
 'checkpoint_paths': None,
 'class_balance': True,
 'config_path': None,
 'crossval_index_dir': None,
 'crossval_index_file': None,
 'crossval_index_sets': None,
 'cuda': False,
 'data_path': './App2/ligands2.csv',
 'dataset_type': 'classification',
 'depth': 3,
 'device': device(type='cpu'),
 'dropout': 0.0,
 'ensemble_size': 1,
 'epochs': 30,
 'features_generator': None,
 'features_only': False,
 'features_path': None,
 'features_scaling': True,
 'features_size': None,
 'ffn_hidden_size': 300,
 'ffn_num_layers': 2,
 'final_lr': 0.0001,
 'folds_file': None,
 'gpu': None,
 'grad_clip': None,
 'hidden_size': 300,
 'ignore_columns': None,
 'init_lr': 0.0001,
 'log_frequency': 10,
 'max_data_size': None,
 'max_lr': 0.001,
 'metric': 'auc',
 'minimize_score': False,
 'multiclass_num_classes': 3,
 'no_cuda': False,
 'no_features_scaling': False,
 'num_folds': 1,
 'num_lrs': 1,
 'num_tasks': 1,
 'num_workers': 8,
 'pytorch_seed': 0,
 'quiet': False,
 'save_dir': './App2/limited_1090_balanced\\fold_0',
 'save_smiles_splits': False,
 'seed': 0,
 'separate_test_features_path': None,
 'separate_test_path': None,
 'separate_val_features_path': None,
 'separate_val_path': None,
 'show_individual_scores': False,
 'smiles_column': None,
 'split_sizes': (0.8, 0.1, 0.1),
 'split_type': 'random',
 'target_columns': None,
 'task_names': ['activity'],
 'test': False,
 'test_fold_index': None,
 'train_data_size': None,
 'undirected': False,
 'use_input_features': False,
 'val_fold_index': None,
 'warmup_epochs': 2.0}
Loading data
Number of tasks = 1
Splitting data with seed 0
Class sizes
activity 0: 72.64%, 1: 27.36%
Total size = 1,089 | train size = 871 | val size = 109 | test size = 109
With class_balance, effective train size = 468
Building model 0
MoleculeModel(
  (sigmoid): Sigmoid()
  (encoder): MPN(
    (encoder): MPNEncoder(
      (dropout_layer): Dropout(p=0.0, inplace=False)
      (act_func): ReLU()
      (W_i): Linear(in_features=147, out_features=300, bias=False)
      (W_h): Linear(in_features=300, out_features=300, bias=False)
      (W_o): Linear(in_features=433, out_features=300, bias=True)
    )
  )
  (ffn): Sequential(
    (0): Dropout(p=0.0, inplace=False)
    (1): Linear(in_features=300, out_features=300, bias=True)
    (2): ReLU()
    (3): Dropout(p=0.0, inplace=False)
    (4): Linear(in_features=300, out_features=1, bias=True)
  )
)
Number of parameters = 354,901
Epoch 0
Validation auc = 0.808108
Epoch 1
Loss = 1.2517e-02, PNorm = 34.0230, GNorm = 0.2458, lr_0 = 4.1765e-04
Validation auc = 0.841313
Epoch 2
Loss = 1.0118e-02, PNorm = 34.0868, GNorm = 1.6566, lr_0 = 7.0882e-04
Validation auc = 0.849807
Epoch 3
Loss = 1.0961e-02, PNorm = 34.1330, GNorm = 2.1974, lr_0 = 9.7353e-04
Validation auc = 0.845560
Epoch 4
Loss = 9.4003e-03, PNorm = 34.1976, GNorm = 0.9220, lr_0 = 9.5278e-04
Validation auc = 0.867568
Epoch 5
Loss = 8.4603e-03, PNorm = 34.2712, GNorm = 1.8604, lr_0 = 9.0340e-04
Validation auc = 0.882625
Epoch 6
Loss = 6.9955e-03, PNorm = 34.3358, GNorm = 1.3738, lr_0 = 8.6074e-04
Validation auc = 0.887259
Epoch 7
Loss = 6.9746e-03, PNorm = 34.4166, GNorm = 3.4411, lr_0 = 8.1614e-04
Validation auc = 0.888417
Epoch 8
Loss = 7.9994e-03, PNorm = 34.4667, GNorm = 4.7647, lr_0 = 7.7385e-04
Validation auc = 0.893436
Epoch 9
Loss = 6.9075e-03, PNorm = 34.5128, GNorm = 3.7550, lr_0 = 7.3730e-04
Validation auc = 0.893822
Epoch 10
Loss = 6.7591e-03, PNorm = 34.5787, GNorm = 2.9406, lr_0 = 6.9910e-04
Validation auc = 0.898456
Epoch 11
Loss = 6.1886e-03, PNorm = 34.6536, GNorm = 2.5940, lr_0 = 6.6287e-04
Validation auc = 0.888803
Epoch 12
Loss = 7.1508e-03, PNorm = 34.7056, GNorm = 3.8192, lr_0 = 6.3157e-04
Validation auc = 0.896139
Epoch 13
Loss = 6.6694e-03, PNorm = 34.7455, GNorm = 2.8196, lr_0 = 5.9884e-04
Validation auc = 0.906178
Epoch 14
Loss = 6.5781e-03, PNorm = 34.7864, GNorm = 3.5167, lr_0 = 5.7056e-04
Loss = 2.9366e-02, PNorm = 34.7903, GNorm = 8.6819, lr_0 = 5.6781e-04
Validation auc = 0.910811
Epoch 15
Validation auc = 0.909266
Epoch 16
Loss = 4.8701e-03, PNorm = 34.8403, GNorm = 1.9749, lr_0 = 5.3838e-04
Validation auc = 0.913127
Epoch 17
Loss = 4.5246e-03, PNorm = 34.8919, GNorm = 3.6314, lr_0 = 5.1296e-04
Validation auc = 0.910425
Epoch 18
Loss = 4.3135e-03, PNorm = 34.9494, GNorm = 6.2211, lr_0 = 4.8638e-04
Validation auc = 0.918147
Epoch 19
Loss = 3.6627e-03, PNorm = 34.9921, GNorm = 2.1883, lr_0 = 4.6117e-04
Validation auc = 0.917375
Epoch 20
Loss = 5.1222e-03, PNorm = 35.0291, GNorm = 3.4888, lr_0 = 4.3940e-04
Validation auc = 0.916216
Epoch 21
Loss = 4.7365e-03, PNorm = 35.0708, GNorm = 3.7224, lr_0 = 4.1663e-04
Validation auc = 0.918147
Epoch 22
Loss = 4.6989e-03, PNorm = 35.1101, GNorm = 3.8847, lr_0 = 3.9504e-04
Validation auc = 0.909653
Epoch 23
Loss = 5.9950e-03, PNorm = 35.1322, GNorm = 2.2980, lr_0 = 3.7638e-04
Validation auc = 0.921622
Epoch 24
Loss = 4.3724e-03, PNorm = 35.1650, GNorm = 1.4683, lr_0 = 3.5688e-04
Validation auc = 0.918147
Epoch 25
Loss = 4.4543e-03, PNorm = 35.1962, GNorm = 1.8971, lr_0 = 3.4003e-04
Validation auc = 0.927027
Epoch 26
Loss = 4.3995e-03, PNorm = 35.2303, GNorm = 5.6266, lr_0 = 3.2241e-04
Validation auc = 0.906950
Epoch 27
Loss = 4.8321e-03, PNorm = 35.2623, GNorm = 4.5560, lr_0 = 3.0570e-04
Validation auc = 0.924324
Epoch 28
Loss = 4.2945e-03, PNorm = 35.2886, GNorm = 1.7490, lr_0 = 2.9126e-04
Validation auc = 0.925097
Epoch 29
Loss = 3.4885e-03, PNorm = 35.3166, GNorm = 2.0307, lr_0 = 2.7617e-04
Loss = 2.1808e-02, PNorm = 35.3195, GNorm = 4.8573, lr_0 = 2.7484e-04
Validation auc = 0.923166
Model 0 best validation auc = 0.927027 on epoch 25
Loading pretrained parameter "encoder.encoder.cached_zero_vector".
Loading pretrained parameter "encoder.encoder.W_i.weight".
Loading pretrained parameter "encoder.encoder.W_h.weight".
Loading pretrained parameter "encoder.encoder.W_o.weight".
Loading pretrained parameter "encoder.encoder.W_o.bias".
Loading pretrained parameter "ffn.1.weight".
Loading pretrained parameter "ffn.1.bias".
Loading pretrained parameter "ffn.4.weight".
Loading pretrained parameter "ffn.4.bias".
Model 0 test auc = 0.896121
Ensemble test auc = 0.896121
1-fold cross validation
	Seed 0 ==> test auc = 0.896121
Overall test auc = 0.896121 +/- 0.000000
Elapsed time = 0:12:45
